  [1m[36m (12.7ms)[0m  [1mCREATE TABLE "schema_migrations" ("version" varchar NOT NULL) [0m
  [1m[35m (0.1ms)[0m  select sqlite_version(*)
  [1m[36m (11.9ms)[0m  [1mCREATE UNIQUE INDEX "unique_schema_migrations" ON "schema_migrations" ("version")[0m
  [1m[35mActiveRecord::SchemaMigration Load (2.0ms)[0m  SELECT "schema_migrations".* FROM "schema_migrations"
Migrating to CreateDojos (20190809174744)
  [1m[36m (0.1ms)[0m  [1mbegin transaction[0m
  [1m[35m (6.0ms)[0m  CREATE TABLE "dojos" ("id" INTEGER PRIMARY KEY AUTOINCREMENT NOT NULL, "name" varchar, "city" varchar, "state" varchar, "created_at" datetime NOT NULL, "updated_at" datetime NOT NULL) 
  [1m[36mSQL (1.1ms)[0m  [1mINSERT INTO "schema_migrations" ("version") VALUES (?)[0m  [["version", "20190809174744"]]
  [1m[35m (4.0ms)[0m  commit transaction
  [1m[36mActiveRecord::SchemaMigration Load (0.9ms)[0m  [1mSELECT "schema_migrations".* FROM "schema_migrations"[0m
  [1m[36m (0.1ms)[0m  [1mbegin transaction[0m
  [1m[35mSQL (5.5ms)[0m  INSERT INTO "dojos" ("name", "city", "state", "created_at", "updated_at") VALUES (?, ?, ?, ?, ?)  [["name", "CodingDojo Silicon Valley"], ["city", "Mountain View"], ["state", "CA"], ["created_at", "2019-08-09 17:59:47.616596"], ["updated_at", "2019-08-09 17:59:47.616596"]]
  [1m[36m (5.9ms)[0m  [1mcommit transaction[0m
  [1m[35m (0.1ms)[0m  begin transaction
  [1m[36mSQL (3.9ms)[0m  [1mINSERT INTO "dojos" ("name", "city", "state", "created_at", "updated_at") VALUES (?, ?, ?, ?, ?)[0m  [["name", "CodingDojo Seattle"], ["city", "Seattle"], ["state", "WA"], ["created_at", "2019-08-09 18:03:40.130665"], ["updated_at", "2019-08-09 18:03:40.130665"]]
  [1m[35m (4.8ms)[0m  commit transaction
  [1m[36m (0.1ms)[0m  [1mbegin transaction[0m
  [1m[35mSQL (10.7ms)[0m  INSERT INTO "dojos" ("name", "city", "state", "created_at", "updated_at") VALUES (?, ?, ?, ?, ?)  [["name", "CodingDojo New York"], ["city", "New York"], ["state", "NY"], ["created_at", "2019-08-09 18:06:53.400241"], ["updated_at", "2019-08-09 18:06:53.400241"]]
  [1m[36m (8.4ms)[0m  [1mcommit transaction[0m
  [1m[35mDojo Load (3.6ms)[0m  SELECT "dojos".* FROM "dojos"
  [1m[36mActiveRecord::SchemaMigration Load (2.4ms)[0m  [1mSELECT "schema_migrations".* FROM "schema_migrations"[0m
Migrating to CreateNinjas (20190809183559)
  [1m[35m (0.1ms)[0m  begin transaction
  [1m[36m (5.1ms)[0m  [1mCREATE TABLE "ninjas" ("id" INTEGER PRIMARY KEY AUTOINCREMENT NOT NULL, "first_name" varchar, "last_name" varchar, "string" varchar, "created_at" datetime NOT NULL, "updated_at" datetime NOT NULL) [0m
  [1m[35mSQL (1.8ms)[0m  INSERT INTO "schema_migrations" ("version") VALUES (?)  [["version", "20190809183559"]]
  [1m[36m (7.1ms)[0m  [1mcommit transaction[0m
  [1m[35mActiveRecord::SchemaMigration Load (1.9ms)[0m  SELECT "schema_migrations".* FROM "schema_migrations"
  [1m[36mActiveRecord::SchemaMigration Load (4.3ms)[0m  [1mSELECT "schema_migrations".* FROM "schema_migrations"[0m
Migrating to CreateNinjas (20190809185922)
  [1m[35m (0.1ms)[0m  begin transaction
  [1m[36m (0.4ms)[0m  [1mCREATE TABLE "ninjas" ("id" INTEGER PRIMARY KEY AUTOINCREMENT NOT NULL, "first_name" varchar, "last_name" varchar, "dojo_id" integer, "created_at" datetime NOT NULL, "updated_at" datetime NOT NULL) [0m
  [1m[35m (0.1ms)[0m  rollback transaction
  [1m[36mActiveRecord::SchemaMigration Load (2.7ms)[0m  [1mSELECT "schema_migrations".* FROM "schema_migrations"[0m
Migrating to CreateNinjas (20190809185922)
  [1m[35m (0.1ms)[0m  begin transaction
  [1m[36m (0.4ms)[0m  [1mCREATE TABLE "ninjas" ("id" INTEGER PRIMARY KEY AUTOINCREMENT NOT NULL, "first_name" varchar, "last_name" varchar, "dojo_id" integer, "created_at" datetime NOT NULL, "updated_at" datetime NOT NULL) [0m
  [1m[35m (0.1ms)[0m  rollback transaction
  [1m[36m (9.8ms)[0m  [1mCREATE TABLE "schema_migrations" ("version" varchar NOT NULL) [0m
  [1m[35m (0.1ms)[0m  select sqlite_version(*)
  [1m[36m (11.3ms)[0m  [1mCREATE UNIQUE INDEX "unique_schema_migrations" ON "schema_migrations" ("version")[0m
  [1m[35mActiveRecord::SchemaMigration Load (3.4ms)[0m  SELECT "schema_migrations".* FROM "schema_migrations"
Migrating to CreateDojos (20190809174744)
  [1m[36m (0.1ms)[0m  [1mbegin transaction[0m
  [1m[35m (8.4ms)[0m  CREATE TABLE "dojos" ("id" INTEGER PRIMARY KEY AUTOINCREMENT NOT NULL, "name" varchar, "city" varchar, "state" varchar, "created_at" datetime NOT NULL, "updated_at" datetime NOT NULL) 
  [1m[36mSQL (1.2ms)[0m  [1mINSERT INTO "schema_migrations" ("version") VALUES (?)[0m  [["version", "20190809174744"]]
  [1m[35m (2.6ms)[0m  commit transaction
Migrating to CreateNinjas (20190809185922)
  [1m[36m (0.1ms)[0m  [1mbegin transaction[0m
  [1m[35m (7.3ms)[0m  CREATE TABLE "ninjas" ("id" INTEGER PRIMARY KEY AUTOINCREMENT NOT NULL, "first_name" varchar, "last_name" varchar, "dojo_id" integer, "created_at" datetime NOT NULL, "updated_at" datetime NOT NULL) 
  [1m[36m (0.2ms)[0m  [1mCREATE  INDEX "index_ninjas_on_dojo_id" ON "ninjas" ("dojo_id")[0m
  [1m[35mSQL (2.5ms)[0m  INSERT INTO "schema_migrations" ("version") VALUES (?)  [["version", "20190809185922"]]
  [1m[36m (3.9ms)[0m  [1mcommit transaction[0m
  [1m[35mActiveRecord::SchemaMigration Load (3.1ms)[0m  SELECT "schema_migrations".* FROM "schema_migrations"
  [1m[36m (1.7ms)[0m  [1m            SELECT sql
            FROM sqlite_master
            WHERE name='index_ninjas_on_dojo_id' AND type='index'
            UNION ALL
            SELECT sql
            FROM sqlite_temp_master
            WHERE name='index_ninjas_on_dojo_id' AND type='index'
[0m
  [1m[36m (0.2ms)[0m  [1mbegin transaction[0m
  [1m[35mSQL (5.2ms)[0m  INSERT INTO "dojos" ("name", "city", "state", "created_at", "updated_at") VALUES (?, ?, ?, ?, ?)  [["name", "CodingDojo Tysons"], ["city", "Tysons Corner"], ["state", "VA"], ["created_at", "2019-08-09 20:05:05.203562"], ["updated_at", "2019-08-09 20:05:05.203562"]]
  [1m[36m (8.7ms)[0m  [1mcommit transaction[0m
  [1m[35m (0.1ms)[0m  begin transaction
  [1m[36mSQL (12.5ms)[0m  [1mINSERT INTO "dojos" ("name", "city", "state", "created_at", "updated_at") VALUES (?, ?, ?, ?, ?)[0m  [["name", "CodingDojo Boston"], ["city", "Boston"], ["state", "MA"], ["created_at", "2019-08-09 20:10:50.793424"], ["updated_at", "2019-08-09 20:10:50.793424"]]
  [1m[35m (9.5ms)[0m  commit transaction
  [1m[36m (0.1ms)[0m  [1mbegin transaction[0m
  [1m[35mSQL (3.5ms)[0m  INSERT INTO "dojos" ("name", "city", "state", "created_at", "updated_at") VALUES (?, ?, ?, ?, ?)  [["name", "CodingDojo Denver"], ["city", "Denver"], ["state", "CO"], ["created_at", "2019-08-09 20:14:51.183691"], ["updated_at", "2019-08-09 20:14:51.183691"]]
  [1m[36m (4.2ms)[0m  [1mcommit transaction[0m
  [1m[35mDojo Load (3.0ms)[0m  SELECT "dojos".* FROM "dojos"
  [1m[36mDojo Load (2.7ms)[0m  [1mSELECT "dojos".* FROM "dojos"[0m
  [1m[35m (0.1ms)[0m  begin transaction
  [1m[36mSQL (3.7ms)[0m  [1mINSERT INTO "dojos" ("name", "city", "state", "created_at", "updated_at") VALUES (?, ?, ?, ?, ?)[0m  [["name", "CodingDojo Silicon Valley"], ["city", "Mountain View"], ["state", "CA"], ["created_at", "2019-08-09 20:18:02.116893"], ["updated_at", "2019-08-09 20:18:02.116893"]]
  [1m[35m (7.0ms)[0m  commit transaction
  [1m[36m (1.0ms)[0m  [1mbegin transaction[0m
  [1m[35mSQL (7.1ms)[0m  INSERT INTO "dojos" ("name", "city", "state", "created_at", "updated_at") VALUES (?, ?, ?, ?, ?)  [["name", "CodingDojo Seattle"], ["city", "Seattle"], ["state", "WA"], ["created_at", "2019-08-09 20:18:49.139168"], ["updated_at", "2019-08-09 20:18:49.139168"]]
  [1m[36m (8.1ms)[0m  [1mcommit transaction[0m
  [1m[35m (0.1ms)[0m  begin transaction
  [1m[36mSQL (4.1ms)[0m  [1mINSERT INTO "dojos" ("name", "city", "state", "created_at", "updated_at") VALUES (?, ?, ?, ?, ?)[0m  [["name", "CodingDojo New York"], ["city", "New York"], ["state", "NY"], ["created_at", "2019-08-09 20:19:20.531351"], ["updated_at", "2019-08-09 20:19:20.531351"]]
  [1m[35m (4.6ms)[0m  commit transaction
  [1m[36mDojo Load (3.2ms)[0m  [1mSELECT "dojos".* FROM "dojos"[0m
  [1m[35mDojo Load (1.1ms)[0m  SELECT  "dojos".* FROM "dojos" WHERE "dojos"."id" = ? LIMIT 1  [["id", 4]]
  [1m[36m (0.1ms)[0m  [1mbegin transaction[0m
  [1m[35mSQL (2.8ms)[0m  DELETE FROM "dojos" WHERE "dojos"."id" = ?  [["id", 4]]
  [1m[36m (7.5ms)[0m  [1mcommit transaction[0m
  [1m[35mDojo Load (2.5ms)[0m  SELECT "dojos".* FROM "dojos"
  [1m[36mDojo Load (2.4ms)[0m  [1mSELECT  "dojos".* FROM "dojos" WHERE "dojos"."id" = ? LIMIT 1[0m  [["id", 5]]
  [1m[35m (0.1ms)[0m  begin transaction
  [1m[36mSQL (3.1ms)[0m  [1mDELETE FROM "dojos" WHERE "dojos"."id" = ?[0m  [["id", 5]]
  [1m[35m (5.0ms)[0m  commit transaction
  [1m[36mDojo Load (2.4ms)[0m  [1mSELECT  "dojos".* FROM "dojos" WHERE "dojos"."id" = ? LIMIT 1[0m  [["id", 6]]
  [1m[35m (0.1ms)[0m  begin transaction
  [1m[36mSQL (4.6ms)[0m  [1mDELETE FROM "dojos" WHERE "dojos"."id" = ?[0m  [["id", 6]]
  [1m[35m (5.9ms)[0m  commit transaction
  [1m[36mDojo Load (2.3ms)[0m  [1mSELECT "dojos".* FROM "dojos"[0m
  [1m[35mDojo Load (6.2ms)[0m  SELECT  "dojos".* FROM "dojos"  ORDER BY "dojos"."id" ASC LIMIT 1
  [1m[36m (0.5ms)[0m  [1mbegin transaction[0m
  [1m[35mSQL (11.5ms)[0m  INSERT INTO "ninjas" ("first_name", "last_name", "dojo_id", "created_at", "updated_at") VALUES (?, ?, ?, ?, ?)  [["first_name", "Land"], ["last_name", "Air"], ["dojo_id", 1], ["created_at", "2019-08-09 20:30:23.286504"], ["updated_at", "2019-08-09 20:30:23.286504"]]
  [1m[36m (6.4ms)[0m  [1mcommit transaction[0m
  [1m[35mNinja Load (4.0ms)[0m  SELECT "ninjas".* FROM "ninjas"
  [1m[36mDojo Load (3.3ms)[0m  [1mSELECT  "dojos".* FROM "dojos"  ORDER BY "dojos"."id" ASC LIMIT 1[0m
  [1m[35m (0.1ms)[0m  begin transaction
  [1m[36mSQL (12.6ms)[0m  [1mINSERT INTO "ninjas" ("first_name", "last_name", "dojo_id", "created_at", "updated_at") VALUES (?, ?, ?, ?, ?)[0m  [["first_name", "Water"], ["last_name", "Fire"], ["dojo_id", 1], ["created_at", "2019-08-09 20:31:11.997454"], ["updated_at", "2019-08-09 20:31:11.997454"]]
  [1m[35m (10.0ms)[0m  commit transaction
  [1m[36mDojo Load (2.2ms)[0m  [1mSELECT  "dojos".* FROM "dojos"  ORDER BY "dojos"."id" ASC LIMIT 1[0m
  [1m[35m (0.1ms)[0m  begin transaction
  [1m[36mSQL (5.9ms)[0m  [1mINSERT INTO "ninjas" ("first_name", "last_name", "dojo_id", "created_at", "updated_at") VALUES (?, ?, ?, ?, ?)[0m  [["first_name", "Mann"], ["last_name", "Lanly"], ["dojo_id", 1], ["created_at", "2019-08-09 20:32:01.908115"], ["updated_at", "2019-08-09 20:32:01.908115"]]
  [1m[35m (4.3ms)[0m  commit transaction
  [1m[36mDojo Load (5.6ms)[0m  [1mSELECT  "dojos".* FROM "dojos"  ORDER BY "dojos"."id" ASC LIMIT 1 OFFSET 1[0m
  [1m[35m (0.9ms)[0m  begin transaction
  [1m[36mSQL (6.1ms)[0m  [1mINSERT INTO "ninjas" ("first_name", "last_name", "dojo_id", "created_at", "updated_at") VALUES (?, ?, ?, ?, ?)[0m  [["first_name", "Ben"], ["last_name", "Benny"], ["dojo_id", 2], ["created_at", "2019-08-09 20:32:53.441843"], ["updated_at", "2019-08-09 20:32:53.441843"]]
  [1m[35m (3.9ms)[0m  commit transaction
  [1m[36mDojo Load (2.4ms)[0m  [1mSELECT  "dojos".* FROM "dojos"  ORDER BY "dojos"."id" ASC LIMIT 1 OFFSET 1[0m
  [1m[35m (0.1ms)[0m  begin transaction
  [1m[36mSQL (5.7ms)[0m  [1mINSERT INTO "ninjas" ("first_name", "last_name", "dojo_id", "created_at", "updated_at") VALUES (?, ?, ?, ?, ?)[0m  [["first_name", "Dan"], ["last_name", "Danny"], ["dojo_id", 2], ["created_at", "2019-08-09 20:33:26.690915"], ["updated_at", "2019-08-09 20:33:26.690915"]]
  [1m[35m (5.0ms)[0m  commit transaction
  [1m[36mDojo Load (3.0ms)[0m  [1mSELECT  "dojos".* FROM "dojos"  ORDER BY "dojos"."id" ASC LIMIT 1 OFFSET 1[0m
  [1m[35m (0.1ms)[0m  begin transaction
  [1m[36mSQL (10.4ms)[0m  [1mINSERT INTO "ninjas" ("first_name", "last_name", "dojo_id", "created_at", "updated_at") VALUES (?, ?, ?, ?, ?)[0m  [["first_name", "Can"], ["last_name", "Canny"], ["dojo_id", 2], ["created_at", "2019-08-09 20:33:45.447999"], ["updated_at", "2019-08-09 20:33:45.447999"]]
  [1m[35m (6.0ms)[0m  commit transaction
  [1m[36mDojo Load (3.8ms)[0m  [1mSELECT  "dojos".* FROM "dojos"  ORDER BY "dojos"."id" ASC LIMIT 1 OFFSET 2[0m
  [1m[35m (0.5ms)[0m  begin transaction
  [1m[36mSQL (9.6ms)[0m  [1mINSERT INTO "ninjas" ("first_name", "last_name", "dojo_id", "created_at", "updated_at") VALUES (?, ?, ?, ?, ?)[0m  [["first_name", "Lore"], ["last_name", "Lorry"], ["dojo_id", 3], ["created_at", "2019-08-09 20:34:39.292679"], ["updated_at", "2019-08-09 20:34:39.292679"]]
  [1m[35m (4.9ms)[0m  commit transaction
  [1m[36mDojo Load (6.5ms)[0m  [1mSELECT  "dojos".* FROM "dojos"  ORDER BY "dojos"."id" ASC LIMIT 1 OFFSET 2[0m
  [1m[35m (0.1ms)[0m  begin transaction
  [1m[36mSQL (8.5ms)[0m  [1mINSERT INTO "ninjas" ("first_name", "last_name", "dojo_id", "created_at", "updated_at") VALUES (?, ?, ?, ?, ?)[0m  [["first_name", "Nore"], ["last_name", "Norry"], ["dojo_id", 3], ["created_at", "2019-08-09 20:35:09.790575"], ["updated_at", "2019-08-09 20:35:09.790575"]]
  [1m[35m (5.8ms)[0m  commit transaction
  [1m[36mDojo Load (3.5ms)[0m  [1mSELECT  "dojos".* FROM "dojos"  ORDER BY "dojos"."id" ASC LIMIT 1 OFFSET 2[0m
  [1m[35m (0.1ms)[0m  begin transaction
  [1m[36mSQL (4.3ms)[0m  [1mINSERT INTO "ninjas" ("first_name", "last_name", "dojo_id", "created_at", "updated_at") VALUES (?, ?, ?, ?, ?)[0m  [["first_name", "More"], ["last_name", "Morry"], ["dojo_id", 3], ["created_at", "2019-08-09 20:35:26.403829"], ["updated_at", "2019-08-09 20:35:26.403829"]]
  [1m[35m (9.3ms)[0m  commit transaction
  [1m[36mNinja Load (9.9ms)[0m  [1mSELECT "ninjas".* FROM "ninjas"[0m
  [1m[35mNinja Load (5.0ms)[0m  SELECT  "ninjas".* FROM "ninjas"  ORDER BY "ninjas"."id" ASC LIMIT 1 OFFSET 2
  [1m[36mDojo Load (6.7ms)[0m  [1mSELECT  "dojos".* FROM "dojos" WHERE "dojos"."id" = ? LIMIT 1[0m  [["id", 1]]
  [1m[35mDojo Load (2.5ms)[0m  SELECT  "dojos".* FROM "dojos"  ORDER BY "dojos"."id" ASC LIMIT 1
  [1m[36mDojo Load (2.4ms)[0m  [1mSELECT  "dojos".* FROM "dojos"  ORDER BY "dojos"."id" ASC LIMIT 1[0m
  [1m[35mNinja Load (3.7ms)[0m  SELECT "ninjas".* FROM "ninjas" WHERE "ninjas"."dojo_id" = ?  [["dojo_id", 1]]
  [1m[36mDojo Load (3.1ms)[0m  [1mSELECT  "dojos".* FROM "dojos"  ORDER BY "dojos"."id" ASC LIMIT 1 OFFSET 1[0m
  [1m[35mNinja Load (1.9ms)[0m  SELECT "ninjas".* FROM "ninjas" WHERE "ninjas"."dojo_id" = ?  [["dojo_id", 2]]
  [1m[36mDojo Load (2.4ms)[0m  [1mSELECT  "dojos".* FROM "dojos"  ORDER BY "dojos"."id" ASC LIMIT 1 OFFSET 2[0m
  [1m[35mNinja Load (2.3ms)[0m  SELECT "ninjas".* FROM "ninjas" WHERE "ninjas"."dojo_id" = ?  [["dojo_id", 3]]
